[1023/081644.033:ERROR:directory_reader_win.cc(43)] FindFirstFile: The system cannot find the path specified. (0x3)
[1023/090956.759:ERROR:directory_reader_win.cc(43)] FindFirstFile: The system cannot find the path specified. (0x3)
[1023/092838.325:ERROR:process_reader_win.cc(188)] ResumeThread: The parameter is incorrect. (0x57)
[1023/092838.325:ERROR:process_reader_win.cc(151)] SuspendThread: Access is denied. (0x5)
[1023/092838.356:ERROR:process_memory_win.cc(73)] ReadMemory at 0x7ff7e0aa0000 of 64 bytes failed: Only part of a ReadProcessMemory or WriteProcessMemory request was completed. (0x12B)
[1023/092838.356:WARNING:pe_image_reader.cc(340)] could not read dos header from C:\Program Files (x86)\Google\Chrome\Application\chrome.exe
[1023/092838.357:ERROR:process_memory_win.cc(73)] ReadMemory at 0x7ffb8c440000 of 64 bytes failed: Only part of a ReadProcessMemory or WriteProcessMemory request was completed. (0x12B)
[1023/092838.357:WARNING:pe_image_reader.cc(340)] could not read dos header from C:\WINDOWS\SYSTEM32\ntdll.dll
[1023/092838.357:ERROR:process_memory_win.cc(73)] ReadMemory at 0x7ffb8c340000 of 64 bytes failed: Only part of a ReadProcessMemory or WriteProcessMemory request was completed. (0x12B)
[1023/092838.357:WARNING:pe_image_reader.cc(340)] could not read dos header from C:\WINDOWS\System32\KERNEL32.DLL
[1023/092838.357:ERROR:process_memory_win.cc(73)] ReadMemory at 0x7ffb895d0000 of 64 bytes failed: Only part of a ReadProcessMemory or WriteProcessMemory request was completed. (0x12B)
[1023/092838.357:WARNING:pe_image_reader.cc(340)] could not read dos header from C:\WINDOWS\System32\KERNELBASE.dll
[1023/092838.357:ERROR:process_memory_win.cc(73)] ReadMemory at 0x7ffb60180000 of 64 bytes failed: Only part of a ReadProcessMemory or WriteProcessMemory request was completed. (0x12B)
[1023/092838.357:WARNING:pe_image_reader.cc(340)] could not read dos header from C:\Program Files (x86)\Google\Chrome\Application\86.0.4240.111\chrome_elf.dll
[1023/092838.357:ERROR:process_memory_win.cc(73)] ReadMemory at 0x7ffb83290000 of 64 bytes failed: Only part of a ReadProcessMemory or WriteProcessMemory request was completed. (0x12B)
[1023/092838.357:WARNING:pe_image_reader.cc(340)] could not read dos header from C:\WINDOWS\SYSTEM32\VERSION.dll
[1023/092838.357:ERROR:process_memory_win.cc(73)] ReadMemory at 0x7ffb8bcb0000 of 64 bytes failed: Only part of a ReadProcessMemory or WriteProcessMemory request was completed. (0x12B)
[1023/092838.357:WARNING:pe_image_reader.cc(340)] could not read dos header from C:\WINDOWS\System32\msvcrt.dll
[1023/092838.357:ERROR:process_memory_win.cc(73)] ReadMemory at 0x7ffb89550000 of 64 bytes failed: Only part of a ReadProcessMemory or WriteProcessMemory request was completed. (0x12B)
[1023/092838.357:WARNING:pe_image_reader.cc(340)] could not read dos header from C:\WINDOWS\System32\bcryptPrimitives.dll
[1023/092838.357:ERROR:process_memory_win.cc(73)] ReadMemory at 0x7ffb8bd50000 of 64 bytes failed: Only part of a ReadProcessMemory or WriteProcessMemory request was completed. (0x12B)
[1023/092838.357:WARNING:pe_image_reader.cc(340)] could not read dos header from C:\WINDOWS\System32\ADVAPI32.dll
[1023/092838.357:ERROR:process_memory_win.cc(73)] ReadMemory at 0x7ffb8a4f0000 of 64 bytes failed: Only part of a ReadProcessMemory or WriteProcessMemory request was completed. (0x12B)
[1023/092838.357:WARNING:pe_image_reader.cc(340)] could not read dos header from C:\WINDOWS\System32\sechost.dll
[1023/092838.357:ERROR:process_memory_win.cc(73)] ReadMemory at 0x7ffb8bb90000 of 64 bytes failed: Only part of a ReadProcessMemory or WriteProcessMemory request was completed. (0x12B)
[1023/092838.357:WARNING:pe_image_reader.cc(340)] could not read dos header from C:\WINDOWS\System32\RPCRT4.dll
[1023/092838.357:ERROR:process_memory_win.cc(73)] ReadMemory at 0x7ffb38f90000 of 64 bytes failed: Only part of a ReadProcessMemory or WriteProcessMemory request was completed. (0x12B)
[1023/092838.357:WARNING:pe_image_reader.cc(340)] could not read dos header from C:\Program Files (x86)\Google\Chrome\Application\86.0.4240.111\chrome.dll
[1023/092838.357:ERROR:process_memory_win.cc(73)] ReadMemory at 0x7ffb8a8d0000 of 64 bytes failed: Only part of a ReadProcessMemory or WriteProcessMemory request was completed. (0x12B)
[1023/092838.357:WARNING:pe_image_reader.cc(340)] could not read dos header from C:\WINDOWS\System32\WS2_32.dll
[1023/092838.358:ERROR:process_memory_win.cc(73)] ReadMemory at 0x7ffb8bf30000 of 64 bytes failed: Only part of a ReadProcessMemory or WriteProcessMemory request was completed. (0x12B)
[1023/092838.358:WARNING:pe_image_reader.cc(340)] could not read dos header from C:\WINDOWS\System32\OLEAUT32.dll
[1023/092838.358:ERROR:process_memory_win.cc(73)] ReadMemory at 0x7ffb89b00000 of 64 bytes failed: Only part of a ReadProcessMemory or WriteProcessMemory request was completed. (0x12B)
[1023/092838.358:WARNING:pe_image_reader.cc(340)] could not read dos header from C:\WINDOWS\System32\msvcp_win.dll
[1023/092838.358:ERROR:process_memory_win.cc(73)] ReadMemory at 0x7ffb89430000 of 64 bytes failed: Only part of a ReadProcessMemory or WriteProcessMemory request was completed. (0x12B)
[1023/092838.358:WARNING:pe_image_reader.cc(340)] could not read dos header from C:\WINDOWS\System32\ucrtbase.dll
[1023/092838.358:ERROR:process_memory_win.cc(73)] ReadMemory at 0x7ffb8a590000 of 64 bytes failed: Only part of a ReadProcessMemory or WriteProcessMemory request was completed. (0x12B)
[1023/092838.358:WARNING:pe_image_reader.cc(340)] could not read dos header from C:\WINDOWS\System32\combase.dll
[1023/092838.358:ERROR:process_memory_win.cc(73)] ReadMemory at 0x7ffb893d0000 of 64 bytes failed: Only part of a ReadProcessMemory or WriteProcessMemory request was completed. (0x12B)
[1023/092838.358:WARNING:pe_image_reader.cc(340)] could not read dos header from C:\WINDOWS\System32\WINTRUST.dll
[1023/092838.358:ERROR:process_memory_win.cc(73)] ReadMemory at 0x7ffb89360000 of 64 bytes failed: Only part of a ReadProcessMemory or WriteProcessMemory request was completed. (0x12B)
[1023/092838.358:WARNING:pe_image_reader.cc(340)] could not read dos header from C:\WINDOWS\System32\MSASN1.dll
[1023/092838.358:ERROR:process_memory_win.cc(73)] ReadMemory at 0x7ffb89880000 of 64 bytes failed: Only part of a ReadProcessMemory or WriteProcessMemory request was completed. (0x12B)
[1023/092838.358:WARNING:pe_image_reader.cc(340)] could not read dos header from C:\WINDOWS\System32\CRYPT32.dll
[1023/092838.358:ERROR:process_memory_win.cc(73)] ReadMemory at 0x7ffb6e530000 of 64 bytes failed: Only part of a ReadProcessMemory or WriteProcessMemory request was completed. (0x12B)
[1023/092838.358:WARNING:pe_image_reader.cc(340)] could not read dos header from C:\WINDOWS\SYSTEM32\dbghelp.dll
[1023/092838.358:ERROR:process_memory_win.cc(73)] ReadMemory at 0x7ffb88860000 of 64 bytes failed: Only part of a ReadProcessMemory or WriteProcessMemory request was completed. (0x12B)
[1023/092838.358:WARNING:pe_image_reader.cc(340)] could not read dos header from C:\WINDOWS\SYSTEM32\IPHLPAPI.DLL
[1023/092838.358:ERROR:process_memory_win.cc(73)] ReadMemory at 0x7ffb87400000 of 64 bytes failed: Only part of a ReadProcessMemory or WriteProcessMemory request was completed. (0x12B)
[1023/092838.358:WARNING:pe_image_reader.cc(340)] could not read dos header from C:\WINDOWS\SYSTEM32\WINMM.dll
[1023/092838.358:ERROR:process_memory_win.cc(73)] ReadMemory at 0x7ffb68830000 of 64 bytes failed: Only part of a ReadProcessMemory or WriteProcessMemory request was completed. (0x12B)
[1023/092838.358:WARNING:pe_image_reader.cc(340)] could not read dos header from C:\WINDOWS\SYSTEM32\UIAutomationCore.DLL
[1023/092838.358:ERROR:process_memory_win.cc(73)] ReadMemory at 0x7ffb7d200000 of 64 bytes failed: Only part of a ReadProcessMemory or WriteProcessMemory request was completed. (0x12B)
[1023/092838.358:WARNING:pe_image_reader.cc(340)] could not read dos header from C:\WINDOWS\SYSTEM32\Secur32.dll
[1023/092838.358:ERROR:process_memory_win.cc(73)] ReadMemory at 0x7ffb89220000 of 64 bytes failed: Only part of a ReadProcessMemory or WriteProcessMemory request was completed. (0x12B)
[1023/092838.358:WARNING:pe_image_reader.cc(340)] could not read dos header from C:\WINDOWS\SYSTEM32\USERENV.dll
[1023/092838.359:ERROR:process_memory_win.cc(73)] ReadMemory at 0x7ffb893a0000 of 64 bytes failed: Only part of a ReadProcessMemory or WriteProcessMemory request was completed. (0x12B)
[1023/092838.359:WARNING:pe_image_reader.cc(340)] could not read dos header from C:\WINDOWS\System32\profapi.dll
[1023/092838.359:ERROR:process_memory_win.cc(73)] ReadMemory at 0x7ffb7dac0000 of 64 bytes failed: Only part of a ReadProcessMemory or WriteProcessMemory request was completed. (0x12B)
[1023/092838.359:WARNING:pe_image_reader.cc(340)] could not read dos header from C:\WINDOWS\SYSTEM32\DWrite.dll
[1023/092838.359:ERROR:process_memory_win.cc(73)] ReadMemory at 0x7ffb7fdc0000 of 64 bytes failed: Only part of a ReadProcessMemory or WriteProcessMemory request was completed. (0x12B)
[1023/092838.359:WARNING:pe_image_reader.cc(340)] could not read dos header from C:\WINDOWS\SYSTEM32\WINSPOOL.DRV
[1023/092838.359:ERROR:process_memory_win.cc(73)] ReadMemory at 0x7ffb89380000 of 64 bytes failed: Only part of a ReadProcessMemory or WriteProcessMemory request was completed. (0x12B)
[1023/092838.359:WARNING:pe_image_reader.cc(340)] could not read dos header from C:\WINDOWS\System32\kernel.appcore.dll
[1023/092838.359:ERROR:process_memory_win.cc(73)] ReadMemory at 0x7ffb89ba0000 of 64 bytes failed: Only part of a ReadProcessMemory or WriteProcessMemory request was completed. (0x12B)
[1023/092838.359:WARNING:pe_image_reader.cc(340)] could not read dos header from C:\WINDOWS\System32\bcrypt.dll
[1023/092838.359:ERROR:process_memory_win.cc(73)] ReadMemory at 0x7ffb84700000 of 64 bytes failed: Only part of a ReadProcessMemory or WriteProcessMemory request was completed. (0x12B)
[1023/092838.359:WARNING:pe_image_reader.cc(340)] could not read dos header from C:\WINDOWS\SYSTEM32\WINHTTP.dll
[1023/092838.359:ERROR:process_memory_win.cc(73)] ReadMemory at 0x7ffb84fe0000 of 64 bytes failed: Only part of a ReadProcessMemory or WriteProcessMemory request was completed. (0x12B)
[1023/092838.359:WARNING:pe_image_reader.cc(340)] could not read dos header from C:\WINDOWS\SYSTEM32\dhcpcsvc.DLL
[1023/092838.359:ERROR:process_memory_win.cc(73)] ReadMemory at 0x7ffb8c1d0000 of 64 bytes failed: Only part of a ReadProcessMemory or WriteProcessMemory request was completed. (0x12B)
[1023/092838.359:WARNING:pe_image_reader.cc(340)] could not read dos header from C:\WINDOWS\System32\NSI.dll
[1023/092838.359:ERROR:process_memory_win.cc(73)] ReadMemory at 0x7ffb873d0000 of 64 bytes failed: Only part of a ReadProcessMemory or WriteProcessMemory request was completed. (0x12B)
[1023/092838.359:WARNING:pe_image_reader.cc(340)] could not read dos header from C:\WINDOWS\SYSTEM32\WINMMBASE.dll
[1023/092838.359:ERROR:process_memory_win.cc(73)] ReadMemory at 0x7ffb89a80000 of 64 bytes failed: Only part of a ReadProcessMemory or WriteProcessMemory request was completed. (0x12B)
[1023/092838.359:WARNING:pe_image_reader.cc(340)] could not read dos header from C:\WINDOWS\System32\cfgmgr32.dll
[1023/092838.359:ERROR:process_memory_win.cc(73)] ReadMemory at 0x7ffb852a0000 of 64 bytes failed: Only part of a ReadProcessMemory or WriteProcessMemory request was completed. (0x12B)
[1023/092838.359:WARNING:pe_image_reader.cc(340)] could not read dos header from C:\WINDOWS\SYSTEM32\PROPSYS.dll
[1023/092838.359:ERROR:process_memory_win.cc(73)] ReadMemory at 0x7ffb8b050000 of 64 bytes failed: Only part of a ReadProcessMemory or WriteProcessMemory request was completed. (0x12B)
[1023/092838.359:WARNING:pe_image_reader.cc(340)] could not read dos header from C:\WINDOWS\System32\shcore.dll
[1023/092838.359:ERROR:process_memory_win.cc(73)] ReadMemory at 0x7ffb891e0000 of 64 bytes failed: Only part of a ReadProcessMemory or WriteProcessMemory request was completed. (0x12B)
[1023/092838.359:WARNING:pe_image_reader.cc(340)] could not read dos header from C:\WINDOWS\SYSTEM32\SSPICLI.DLL
[1023/092838.359:ERROR:process_memory_win.cc(73)] ReadMemory at 0x7ffb88d20000 of 64 bytes failed: Only part of a ReadProcessMemory or WriteProcessMemory request was completed. (0x12B)
[1023/092838.359:WARNING:pe_image_reader.cc(340)] could not read dos header from C:\WINDOWS\SYSTEM32\CRYPTBASE.DLL
[1023/092838.362:ERROR:process_memory_win.cc(73)] ReadMemory at 0x7ff7e0aa0000 of 64 bytes failed: Only part of a ReadProcessMemory or WriteProcessMemory request was completed. (0x12B)
[1023/092838.362:WARNING:pe_image_reader.cc(340)] could not read dos header from C:\Program Files (x86)\Google\Chrome\Application\chrome.exe
[1023/092838.362:ERROR:process_memory_win.cc(73)] ReadMemory at 0x7ffb8c440000 of 64 bytes failed: Only part of a ReadProcessMemory or WriteProcessMemory request was completed. (0x12B)
[1023/092838.362:WARNING:pe_image_reader.cc(340)] could not read dos header from C:\WINDOWS\SYSTEM32\ntdll.dll
[1023/092838.363:ERROR:process_memory_win.cc(73)] ReadMemory at 0x7ffb8c340000 of 64 bytes failed: Only part of a ReadProcessMemory or WriteProcessMemory request was completed. (0x12B)
[1023/092838.363:WARNING:pe_image_reader.cc(340)] could not read dos header from C:\WINDOWS\System32\KERNEL32.DLL
[1023/092838.363:ERROR:process_memory_win.cc(73)] ReadMemory at 0x7ffb895d0000 of 64 bytes failed: Only part of a ReadProcessMemory or WriteProcessMemory request was completed. (0x12B)
[1023/092838.363:WARNING:pe_image_reader.cc(340)] could not read dos header from C:\WINDOWS\System32\KERNELBASE.dll
[1023/092838.363:ERROR:process_memory_win.cc(73)] ReadMemory at 0x7ffb60180000 of 64 bytes failed: Only part of a ReadProcessMemory or WriteProcessMemory request was completed. (0x12B)
[1023/092838.363:WARNING:pe_image_reader.cc(340)] could not read dos header from C:\Program Files (x86)\Google\Chrome\Application\86.0.4240.111\chrome_elf.dll
[1023/092838.363:ERROR:process_memory_win.cc(73)] ReadMemory at 0x7ffb83290000 of 64 bytes failed: Only part of a ReadProcessMemory or WriteProcessMemory request was completed. (0x12B)
[1023/092838.363:WARNING:pe_image_reader.cc(340)] could not read dos header from C:\WINDOWS\SYSTEM32\VERSION.dll
[1023/092838.363:ERROR:process_memory_win.cc(73)] ReadMemory at 0x7ffb8bcb0000 of 64 bytes failed: Only part of a ReadProcessMemory or WriteProcessMemory request was completed. (0x12B)
[1023/092838.363:WARNING:pe_image_reader.cc(340)] could not read dos header from C:\WINDOWS\System32\msvcrt.dll
[1023/092838.363:ERROR:process_memory_win.cc(73)] ReadMemory at 0x7ffb89550000 of 64 bytes failed: Only part of a ReadProcessMemory or WriteProcessMemory request was completed. (0x12B)
[1023/092838.363:WARNING:pe_image_reader.cc(340)] could not read dos header from C:\WINDOWS\System32\bcryptPrimitives.dll
[1023/092838.363:ERROR:process_memory_win.cc(73)] ReadMemory at 0x7ffb8bd50000 of 64 bytes failed: Only part of a ReadProcessMemory or WriteProcessMemory request was completed. (0x12B)
[1023/092838.363:WARNING:pe_image_reader.cc(340)] could not read dos header from C:\WINDOWS\System32\ADVAPI32.dll
[1023/092838.363:ERROR:process_memory_win.cc(73)] ReadMemory at 0x7ffb8a4f0000 of 64 bytes failed: Only part of a ReadProcessMemory or WriteProcessMemory request was completed. (0x12B)
[1023/092838.363:WARNING:pe_image_reader.cc(340)] could not read dos header from C:\WINDOWS\System32\sechost.dll
[1023/092838.363:ERROR:process_memory_win.cc(73)] ReadMemory at 0x7ffb8bb90000 of 64 bytes failed: Only part of a ReadProcessMemory or WriteProcessMemory request was completed. (0x12B)
[1023/092838.363:WARNING:pe_image_reader.cc(340)] could not read dos header from C:\WINDOWS\System32\RPCRT4.dll
[1023/092838.363:ERROR:process_memory_win.cc(73)] ReadMemory at 0x7ffb38f90000 of 64 bytes failed: Only part of a ReadProcessMemory or WriteProcessMemory request was completed. (0x12B)
[1023/092838.363:WARNING:pe_image_reader.cc(340)] could not read dos header from C:\Program Files (x86)\Google\Chrome\Application\86.0.4240.111\chrome.dll
[1023/092838.363:ERROR:process_memory_win.cc(73)] ReadMemory at 0x7ffb8a8d0000 of 64 bytes failed: Only part of a ReadProcessMemory or WriteProcessMemory request was completed. (0x12B)
[1023/092838.363:WARNING:pe_image_reader.cc(340)] could not read dos header from C:\WINDOWS\System32\WS2_32.dll
[1023/092838.364:ERROR:process_memory_win.cc(73)] ReadMemory at 0x7ffb8bf30000 of 64 bytes failed: Only part of a ReadProcessMemory or WriteProcessMemory request was completed. (0x12B)
[1023/092838.364:WARNING:pe_image_reader.cc(340)] could not read dos header from C:\WINDOWS\System32\OLEAUT32.dll
[1023/092838.364:ERROR:process_memory_win.cc(73)] ReadMemory at 0x7ffb89b00000 of 64 bytes failed: Only part of a ReadProcessMemory or WriteProcessMemory request was completed. (0x12B)
[1023/092838.364:WARNING:pe_image_reader.cc(340)] could not read dos header from C:\WINDOWS\System32\msvcp_win.dll
[1023/092838.364:ERROR:process_memory_win.cc(73)] ReadMemory at 0x7ffb89430000 of 64 bytes failed: Only part of a ReadProcessMemory or WriteProcessMemory request was completed. (0x12B)
[1023/092838.364:WARNING:pe_image_reader.cc(340)] could not read dos header from C:\WINDOWS\System32\ucrtbase.dll
[1023/092838.364:ERROR:process_memory_win.cc(73)] ReadMemory at 0x7ffb8a590000 of 64 bytes failed: Only part of a ReadProcessMemory or WriteProcessMemory request was completed. (0x12B)
[1023/092838.364:WARNING:pe_image_reader.cc(340)] could not read dos header from C:\WINDOWS\System32\combase.dll
[1023/092838.364:ERROR:process_memory_win.cc(73)] ReadMemory at 0x7ffb893d0000 of 64 bytes failed: Only part of a ReadProcessMemory or WriteProcessMemory request was completed. (0x12B)
[1023/092838.364:WARNING:pe_image_reader.cc(340)] could not read dos header from C:\WINDOWS\System32\WINTRUST.dll
[1023/092838.364:ERROR:process_memory_win.cc(73)] ReadMemory at 0x7ffb89360000 of 64 bytes failed: Only part of a ReadProcessMemory or WriteProcessMemory request was completed. (0x12B)
[1023/092838.364:WARNING:pe_image_reader.cc(340)] could not read dos header from C:\WINDOWS\System32\MSASN1.dll
[1023/092838.364:ERROR:process_memory_win.cc(73)] ReadMemory at 0x7ffb89880000 of 64 bytes failed: Only part of a ReadProcessMemory or WriteProcessMemory request was completed. (0x12B)
[1023/092838.364:WARNING:pe_image_reader.cc(340)] could not read dos header from C:\WINDOWS\System32\CRYPT32.dll
[1023/092838.364:ERROR:process_memory_win.cc(73)] ReadMemory at 0x7ffb6e530000 of 64 bytes failed: Only part of a ReadProcessMemory or WriteProcessMemory request was completed. (0x12B)
[1023/092838.364:WARNING:pe_image_reader.cc(340)] could not read dos header from C:\WINDOWS\SYSTEM32\dbghelp.dll
[1023/092838.364:ERROR:process_memory_win.cc(73)] ReadMemory at 0x7ffb88860000 of 64 bytes failed: Only part of a ReadProcessMemory or WriteProcessMemory request was completed. (0x12B)
[1023/092838.364:WARNING:pe_image_reader.cc(340)] could not read dos header from C:\WINDOWS\SYSTEM32\IPHLPAPI.DLL
[1023/092838.364:ERROR:process_memory_win.cc(73)] ReadMemory at 0x7ffb87400000 of 64 bytes failed: Only part of a ReadProcessMemory or WriteProcessMemory request was completed. (0x12B)
[1023/092838.364:WARNING:pe_image_reader.cc(340)] could not read dos header from C:\WINDOWS\SYSTEM32\WINMM.dll
[1023/092838.364:ERROR:process_memory_win.cc(73)] ReadMemory at 0x7ffb68830000 of 64 bytes failed: Only part of a ReadProcessMemory or WriteProcessMemory request was completed. (0x12B)
[1023/092838.365:WARNING:pe_image_reader.cc(340)] could not read dos header from C:\WINDOWS\SYSTEM32\UIAutomationCore.DLL
[1023/092838.365:ERROR:process_memory_win.cc(73)] ReadMemory at 0x7ffb7d200000 of 64 bytes failed: Only part of a ReadProcessMemory or WriteProcessMemory request was completed. (0x12B)
[1023/092838.365:WARNING:pe_image_reader.cc(340)] could not read dos header from C:\WINDOWS\SYSTEM32\Secur32.dll
[1023/092838.365:ERROR:process_memory_win.cc(73)] ReadMemory at 0x7ffb89220000 of 64 bytes failed: Only part of a ReadProcessMemory or WriteProcessMemory request was completed. (0x12B)
[1023/092838.365:WARNING:pe_image_reader.cc(340)] could not read dos header from C:\WINDOWS\SYSTEM32\USERENV.dll
[1023/092838.365:ERROR:process_memory_win.cc(73)] ReadMemory at 0x7ffb893a0000 of 64 bytes failed: Only part of a ReadProcessMemory or WriteProcessMemory request was completed. (0x12B)
[1023/092838.365:WARNING:pe_image_reader.cc(340)] could not read dos header from C:\WINDOWS\System32\profapi.dll
[1023/092838.365:ERROR:process_memory_win.cc(73)] ReadMemory at 0x7ffb7dac0000 of 64 bytes failed: Only part of a ReadProcessMemory or WriteProcessMemory request was completed. (0x12B)
[1023/092838.365:WARNING:pe_image_reader.cc(340)] could not read dos header from C:\WINDOWS\SYSTEM32\DWrite.dll
[1023/092838.365:ERROR:process_memory_win.cc(73)] ReadMemory at 0x7ffb7fdc0000 of 64 bytes failed: Only part of a ReadProcessMemory or WriteProcessMemory request was completed. (0x12B)
[1023/092838.365:WARNING:pe_image_reader.cc(340)] could not read dos header from C:\WINDOWS\SYSTEM32\WINSPOOL.DRV
[1023/092838.365:ERROR:process_memory_win.cc(73)] ReadMemory at 0x7ffb89380000 of 64 bytes failed: Only part of a ReadProcessMemory or WriteProcessMemory request was completed. (0x12B)
[1023/092838.365:WARNING:pe_image_reader.cc(340)] could not read dos header from C:\WINDOWS\System32\kernel.appcore.dll
[1023/092838.365:ERROR:process_memory_win.cc(73)] ReadMemory at 0x7ffb89ba0000 of 64 bytes failed: Only part of a ReadProcessMemory or WriteProcessMemory request was completed. (0x12B)
[1023/092838.365:WARNING:pe_image_reader.cc(340)] could not read dos header from C:\WINDOWS\System32\bcrypt.dll
[1023/092838.365:ERROR:process_memory_win.cc(73)] ReadMemory at 0x7ffb84700000 of 64 bytes failed: Only part of a ReadProcessMemory or WriteProcessMemory request was completed. (0x12B)
[1023/092838.365:WARNING:pe_image_reader.cc(340)] could not read dos header from C:\WINDOWS\SYSTEM32\WINHTTP.dll
[1023/092838.365:ERROR:process_memory_win.cc(73)] ReadMemory at 0x7ffb84fe0000 of 64 bytes failed: Only part of a ReadProcessMemory or WriteProcessMemory request was completed. (0x12B)
[1023/092838.365:WARNING:pe_image_reader.cc(340)] could not read dos header from C:\WINDOWS\SYSTEM32\dhcpcsvc.DLL
[1023/092838.365:ERROR:process_memory_win.cc(73)] ReadMemory at 0x7ffb8c1d0000 of 64 bytes failed: Only part of a ReadProcessMemory or WriteProcessMemory request was completed. (0x12B)
[1023/092838.365:WARNING:pe_image_reader.cc(340)] could not read dos header from C:\WINDOWS\System32\NSI.dll
[1023/092838.365:ERROR:process_memory_win.cc(73)] ReadMemory at 0x7ffb873d0000 of 64 bytes failed: Only part of a ReadProcessMemory or WriteProcessMemory request was completed. (0x12B)
[1023/092838.365:WARNING:pe_image_reader.cc(340)] could not read dos header from C:\WINDOWS\SYSTEM32\WINMMBASE.dll
[1023/092838.365:ERROR:process_memory_win.cc(73)] ReadMemory at 0x7ffb89a80000 of 64 bytes failed: Only part of a ReadProcessMemory or WriteProcessMemory request was completed. (0x12B)
[1023/092838.365:WARNING:pe_image_reader.cc(340)] could not read dos header from C:\WINDOWS\System32\cfgmgr32.dll
[1023/092838.366:ERROR:process_memory_win.cc(73)] ReadMemory at 0x7ffb852a0000 of 64 bytes failed: Only part of a ReadProcessMemory or WriteProcessMemory request was completed. (0x12B)
[1023/092838.366:WARNING:pe_image_reader.cc(340)] could not read dos header from C:\WINDOWS\SYSTEM32\PROPSYS.dll
[1023/092838.366:ERROR:process_memory_win.cc(73)] ReadMemory at 0x7ffb8b050000 of 64 bytes failed: Only part of a ReadProcessMemory or WriteProcessMemory request was completed. (0x12B)
[1023/092838.366:WARNING:pe_image_reader.cc(340)] could not read dos header from C:\WINDOWS\System32\shcore.dll
[1023/092838.366:ERROR:process_memory_win.cc(73)] ReadMemory at 0x7ffb891e0000 of 64 bytes failed: Only part of a ReadProcessMemory or WriteProcessMemory request was completed. (0x12B)
[1023/092838.366:WARNING:pe_image_reader.cc(340)] could not read dos header from C:\WINDOWS\SYSTEM32\SSPICLI.DLL
[1023/092838.366:ERROR:process_memory_win.cc(73)] ReadMemory at 0x7ffb88d20000 of 64 bytes failed: Only part of a ReadProcessMemory or WriteProcessMemory request was completed. (0x12B)
[1023/092838.366:WARNING:pe_image_reader.cc(340)] could not read dos header from C:\WINDOWS\SYSTEM32\CRYPTBASE.DLL
[1023/092838.366:ERROR:process_memory_win.cc(73)] ReadMemory at 0x7ff7e0aa0000 of 64 bytes failed: Only part of a ReadProcessMemory or WriteProcessMemory request was completed. (0x12B)
[1023/092838.366:WARNING:pe_image_reader.cc(340)] could not read dos header from C:\Program Files (x86)\Google\Chrome\Application\chrome.exe
[1023/092838.366:ERROR:process_memory_win.cc(73)] ReadMemory at 0x7ffb8c440000 of 64 bytes failed: Only part of a ReadProcessMemory or WriteProcessMemory request was completed. (0x12B)
[1023/092838.366:WARNING:pe_image_reader.cc(340)] could not read dos header from C:\WINDOWS\SYSTEM32\ntdll.dll
[1023/092838.366:ERROR:process_memory_win.cc(73)] ReadMemory at 0x7ffb8c340000 of 64 bytes failed: Only part of a ReadProcessMemory or WriteProcessMemory request was completed. (0x12B)
[1023/092838.366:WARNING:pe_image_reader.cc(340)] could not read dos header from C:\WINDOWS\System32\KERNEL32.DLL
[1023/092838.366:ERROR:process_memory_win.cc(73)] ReadMemory at 0x7ffb895d0000 of 64 bytes failed: Only part of a ReadProcessMemory or WriteProcessMemory request was completed. (0x12B)
[1023/092838.366:WARNING:pe_image_reader.cc(340)] could not read dos header from C:\WINDOWS\System32\KERNELBASE.dll
[1023/092838.366:ERROR:process_memory_win.cc(73)] ReadMemory at 0x7ffb60180000 of 64 bytes failed: Only part of a ReadProcessMemory or WriteProcessMemory request was completed. (0x12B)
[1023/092838.366:WARNING:pe_image_reader.cc(340)] could not read dos header from C:\Program Files (x86)\Google\Chrome\Application\86.0.4240.111\chrome_elf.dll
[1023/092838.366:ERROR:process_memory_win.cc(73)] ReadMemory at 0x7ffb83290000 of 64 bytes failed: Only part of a ReadProcessMemory or WriteProcessMemory request was completed. (0x12B)
[1023/092838.366:WARNING:pe_image_reader.cc(340)] could not read dos header from C:\WINDOWS\SYSTEM32\VERSION.dll
[1023/092838.366:ERROR:process_memory_win.cc(73)] ReadMemory at 0x7ffb8bcb0000 of 64 bytes failed: Only part of a ReadProcessMemory or WriteProcessMemory request was completed. (0x12B)
[1023/092838.366:WARNING:pe_image_reader.cc(340)] could not read dos header from C:\WINDOWS\System32\msvcrt.dll
[1023/092838.366:ERROR:process_memory_win.cc(73)] ReadMemory at 0x7ffb89550000 of 64 bytes failed: Only part of a ReadProcessMemory or WriteProcessMemory request was completed. (0x12B)
[1023/092838.366:WARNING:pe_image_reader.cc(340)] could not read dos header from C:\WINDOWS\System32\bcryptPrimitives.dll
[1023/092838.367:ERROR:process_memory_win.cc(73)] ReadMemory at 0x7ffb8bd50000 of 64 bytes failed: Only part of a ReadProcessMemory or WriteProcessMemory request was completed. (0x12B)
[1023/092838.367:WARNING:pe_image_reader.cc(340)] could not read dos header from C:\WINDOWS\System32\ADVAPI32.dll
[1023/092838.367:ERROR:process_memory_win.cc(73)] ReadMemory at 0x7ffb8a4f0000 of 64 bytes failed: Only part of a ReadProcessMemory or WriteProcessMemory request was completed. (0x12B)
[1023/092838.367:WARNING:pe_image_reader.cc(340)] could not read dos header from C:\WINDOWS\System32\sechost.dll
[1023/092838.367:ERROR:process_memory_win.cc(73)] ReadMemory at 0x7ffb8bb90000 of 64 bytes failed: Only part of a ReadProcessMemory or WriteProcessMemory request was completed. (0x12B)
[1023/092838.367:WARNING:pe_image_reader.cc(340)] could not read dos header from C:\WINDOWS\System32\RPCRT4.dll
[1023/092838.367:ERROR:process_memory_win.cc(73)] ReadMemory at 0x7ffb38f90000 of 64 bytes failed: Only part of a ReadProcessMemory or WriteProcessMemory request was completed. (0x12B)
[1023/092838.367:WARNING:pe_image_reader.cc(340)] could not read dos header from C:\Program Files (x86)\Google\Chrome\Application\86.0.4240.111\chrome.dll
[1023/092838.367:ERROR:process_memory_win.cc(73)] ReadMemory at 0x7ffb8a8d0000 of 64 bytes failed: Only part of a ReadProcessMemory or WriteProcessMemory request was completed. (0x12B)
[1023/092838.367:WARNING:pe_image_reader.cc(340)] could not read dos header from C:\WINDOWS\System32\WS2_32.dll
[1023/092838.367:ERROR:process_memory_win.cc(73)] ReadMemory at 0x7ffb8bf30000 of 64 bytes failed: Only part of a ReadProcessMemory or WriteProcessMemory request was completed. (0x12B)
[1023/092838.367:WARNING:pe_image_reader.cc(340)] could not read dos header from C:\WINDOWS\System32\OLEAUT32.dll
[1023/092838.367:ERROR:process_memory_win.cc(73)] ReadMemory at 0x7ffb89b00000 of 64 bytes failed: Only part of a ReadProcessMemory or WriteProcessMemory request was completed. (0x12B)
[1023/092838.367:WARNING:pe_image_reader.cc(340)] could not read dos header from C:\WINDOWS\System32\msvcp_win.dll
[1023/092838.367:ERROR:process_memory_win.cc(73)] ReadMemory at 0x7ffb89430000 of 64 bytes failed: Only part of a ReadProcessMemory or WriteProcessMemory request was completed. (0x12B)
[1023/092838.367:WARNING:pe_image_reader.cc(340)] could not read dos header from C:\WINDOWS\System32\ucrtbase.dll
[1023/092838.367:ERROR:process_memory_win.cc(73)] ReadMemory at 0x7ffb8a590000 of 64 bytes failed: Only part of a ReadProcessMemory or WriteProcessMemory request was completed. (0x12B)
[1023/092838.367:WARNING:pe_image_reader.cc(340)] could not read dos header from C:\WINDOWS\System32\combase.dll
[1023/092838.367:ERROR:process_memory_win.cc(73)] ReadMemory at 0x7ffb893d0000 of 64 bytes failed: Only part of a ReadProcessMemory or WriteProcessMemory request was completed. (0x12B)
[1023/092838.367:WARNING:pe_image_reader.cc(340)] could not read dos header from C:\WINDOWS\System32\WINTRUST.dll
[1023/092838.368:ERROR:process_memory_win.cc(73)] ReadMemory at 0x7ffb89360000 of 64 bytes failed: Only part of a ReadProcessMemory or WriteProcessMemory request was completed. (0x12B)
[1023/092838.368:WARNING:pe_image_reader.cc(340)] could not read dos header from C:\WINDOWS\System32\MSASN1.dll
[1023/092838.368:ERROR:process_memory_win.cc(73)] ReadMemory at 0x7ffb89880000 of 64 bytes failed: Only part of a ReadProcessMemory or WriteProcessMemory request was completed. (0x12B)
[1023/092838.368:WARNING:pe_image_reader.cc(340)] could not read dos header from C:\WINDOWS\System32\CRYPT32.dll
[1023/092838.368:ERROR:process_memory_win.cc(73)] ReadMemory at 0x7ffb6e530000 of 64 bytes failed: Only part of a ReadProcessMemory or WriteProcessMemory request was completed. (0x12B)
[1023/092838.368:WARNING:pe_image_reader.cc(340)] could not read dos header from C:\WINDOWS\SYSTEM32\dbghelp.dll
[1023/092838.368:ERROR:process_memory_win.cc(73)] ReadMemory at 0x7ffb88860000 of 64 bytes failed: Only part of a ReadProcessMemory or WriteProcessMemory request was completed. (0x12B)
[1023/092838.368:WARNING:pe_image_reader.cc(340)] could not read dos header from C:\WINDOWS\SYSTEM32\IPHLPAPI.DLL
[1023/092838.368:ERROR:process_memory_win.cc(73)] ReadMemory at 0x7ffb87400000 of 64 bytes failed: Only part of a ReadProcessMemory or WriteProcessMemory request was completed. (0x12B)
[1023/092838.368:WARNING:pe_image_reader.cc(340)] could not read dos header from C:\WINDOWS\SYSTEM32\WINMM.dll
[1023/092838.368:ERROR:process_memory_win.cc(73)] ReadMemory at 0x7ffb68830000 of 64 bytes failed: Only part of a ReadProcessMemory or WriteProcessMemory request was completed. (0x12B)
[1023/092838.368:WARNING:pe_image_reader.cc(340)] could not read dos header from C:\WINDOWS\SYSTEM32\UIAutomationCore.DLL
[1023/092838.368:ERROR:process_memory_win.cc(73)] ReadMemory at 0x7ffb7d200000 of 64 bytes failed: Only part of a ReadProcessMemory or WriteProcessMemory request was completed. (0x12B)
[1023/092838.368:WARNING:pe_image_reader.cc(340)] could not read dos header from C:\WINDOWS\SYSTEM32\Secur32.dll
[1023/092838.368:ERROR:process_memory_win.cc(73)] ReadMemory at 0x7ffb89220000 of 64 bytes failed: Only part of a ReadProcessMemory or WriteProcessMemory request was completed. (0x12B)
[1023/092838.368:WARNING:pe_image_reader.cc(340)] could not read dos header from C:\WINDOWS\SYSTEM32\USERENV.dll
[1023/092838.368:ERROR:process_memory_win.cc(73)] ReadMemory at 0x7ffb893a0000 of 64 bytes failed: Only part of a ReadProcessMemory or WriteProcessMemory request was completed. (0x12B)
[1023/092838.368:WARNING:pe_image_reader.cc(340)] could not read dos header from C:\WINDOWS\System32\profapi.dll
[1023/092838.368:ERROR:process_memory_win.cc(73)] ReadMemory at 0x7ffb7dac0000 of 64 bytes failed: Only part of a ReadProcessMemory or WriteProcessMemory request was completed. (0x12B)
[1023/092838.368:WARNING:pe_image_reader.cc(340)] could not read dos header from C:\WINDOWS\SYSTEM32\DWrite.dll
[1023/092838.368:ERROR:process_memory_win.cc(73)] ReadMemory at 0x7ffb7fdc0000 of 64 bytes failed: Only part of a ReadProcessMemory or WriteProcessMemory request was completed. (0x12B)
[1023/092838.368:WARNING:pe_image_reader.cc(340)] could not read dos header from C:\WINDOWS\SYSTEM32\WINSPOOL.DRV
[1023/092838.368:ERROR:process_memory_win.cc(73)] ReadMemory at 0x7ffb89380000 of 64 bytes failed: Only part of a ReadProcessMemory or WriteProcessMemory request was completed. (0x12B)
[1023/092838.368:WARNING:pe_image_reader.cc(340)] could not read dos header from C:\WINDOWS\System32\kernel.appcore.dll
[1023/092838.369:ERROR:process_memory_win.cc(73)] ReadMemory at 0x7ffb89ba0000 of 64 bytes failed: Only part of a ReadProcessMemory or WriteProcessMemory request was completed. (0x12B)
[1023/092838.369:WARNING:pe_image_reader.cc(340)] could not read dos header from C:\WINDOWS\System32\bcrypt.dll
[1023/092838.369:ERROR:process_memory_win.cc(73)] ReadMemory at 0x7ffb84700000 of 64 bytes failed: Only part of a ReadProcessMemory or WriteProcessMemory request was completed. (0x12B)
[1023/092838.369:WARNING:pe_image_reader.cc(340)] could not read dos header from C:\WINDOWS\SYSTEM32\WINHTTP.dll
[1023/092838.369:ERROR:process_memory_win.cc(73)] ReadMemory at 0x7ffb84fe0000 of 64 bytes failed: Only part of a ReadProcessMemory or WriteProcessMemory request was completed. (0x12B)
[1023/092838.369:WARNING:pe_image_reader.cc(340)] could not read dos header from C:\WINDOWS\SYSTEM32\dhcpcsvc.DLL
[1023/092838.369:ERROR:process_memory_win.cc(73)] ReadMemory at 0x7ffb8c1d0000 of 64 bytes failed: Only part of a ReadProcessMemory or WriteProcessMemory request was completed. (0x12B)
[1023/092838.369:WARNING:pe_image_reader.cc(340)] could not read dos header from C:\WINDOWS\System32\NSI.dll
[1023/092838.369:ERROR:process_memory_win.cc(73)] ReadMemory at 0x7ffb873d0000 of 64 bytes failed: Only part of a ReadProcessMemory or WriteProcessMemory request was completed. (0x12B)
[1023/092838.369:WARNING:pe_image_reader.cc(340)] could not read dos header from C:\WINDOWS\SYSTEM32\WINMMBASE.dll
[1023/092838.369:ERROR:process_memory_win.cc(73)] ReadMemory at 0x7ffb89a80000 of 64 bytes failed: Only part of a ReadProcessMemory or WriteProcessMemory request was completed. (0x12B)
[1023/092838.369:WARNING:pe_image_reader.cc(340)] could not read dos header from C:\WINDOWS\System32\cfgmgr32.dll
[1023/092838.369:ERROR:process_memory_win.cc(73)] ReadMemory at 0x7ffb852a0000 of 64 bytes failed: Only part of a ReadProcessMemory or WriteProcessMemory request was completed. (0x12B)
[1023/092838.369:WARNING:pe_image_reader.cc(340)] could not read dos header from C:\WINDOWS\SYSTEM32\PROPSYS.dll
[1023/092838.369:ERROR:process_memory_win.cc(73)] ReadMemory at 0x7ffb8b050000 of 64 bytes failed: Only part of a ReadProcessMemory or WriteProcessMemory request was completed. (0x12B)
[1023/092838.369:WARNING:pe_image_reader.cc(340)] could not read dos header from C:\WINDOWS\System32\shcore.dll
[1023/092838.369:ERROR:process_memory_win.cc(73)] ReadMemory at 0x7ffb891e0000 of 64 bytes failed: Only part of a ReadProcessMemory or WriteProcessMemory request was completed. (0x12B)
[1023/092838.369:WARNING:pe_image_reader.cc(340)] could not read dos header from C:\WINDOWS\SYSTEM32\SSPICLI.DLL
[1023/092838.369:ERROR:process_memory_win.cc(73)] ReadMemory at 0x7ffb88d20000 of 64 bytes failed: Only part of a ReadProcessMemory or WriteProcessMemory request was completed. (0x12B)
[1023/092838.369:WARNING:pe_image_reader.cc(340)] could not read dos header from C:\WINDOWS\SYSTEM32\CRYPTBASE.DLL
[1023/092838.375:ERROR:process_memory_win.cc(73)] ReadMemory at 0x70c1ded000 of 77824 bytes failed: Only part of a ReadProcessMemory or WriteProcessMemory request was completed. (0x12B)
[1023/092838.376:ERROR:process_memory_win.cc(73)] ReadMemory at 0x70c25fe000 of 8192 bytes failed: Only part of a ReadProcessMemory or WriteProcessMemory request was completed. (0x12B)
[1023/092838.376:ERROR:process_memory_win.cc(73)] ReadMemory at 0x70c2dfe000 of 8192 bytes failed: Only part of a ReadProcessMemory or WriteProcessMemory request was completed. (0x12B)
[1023/092838.376:ERROR:process_memory_win.cc(73)] ReadMemory at 0x70c35fe000 of 8192 bytes failed: Only part of a ReadProcessMemory or WriteProcessMemory request was completed. (0x12B)
[1023/092838.376:ERROR:process_memory_win.cc(73)] ReadMemory at 0x70c3dfd000 of 12288 bytes failed: Only part of a ReadProcessMemory or WriteProcessMemory request was completed. (0x12B)
[1023/092838.376:ERROR:process_memory_win.cc(73)] ReadMemory at 0x70c45fe000 of 8192 bytes failed: Only part of a ReadProcessMemory or WriteProcessMemory request was completed. (0x12B)
[1023/092838.376:ERROR:process_memory_win.cc(73)] ReadMemory at 0x70c4dfe000 of 8192 bytes failed: Only part of a ReadProcessMemory or WriteProcessMemory request was completed. (0x12B)
[1023/092838.376:ERROR:process_memory_win.cc(73)] ReadMemory at 0x70c55fe000 of 8192 bytes failed: Only part of a ReadProcessMemory or WriteProcessMemory request was completed. (0x12B)
[1023/092838.376:ERROR:process_memory_win.cc(73)] ReadMemory at 0x70c5dfe000 of 8192 bytes failed: Only part of a ReadProcessMemory or WriteProcessMemory request was completed. (0x12B)
[1023/092838.376:ERROR:process_memory_win.cc(73)] ReadMemory at 0x70c65fe000 of 8192 bytes failed: Only part of a ReadProcessMemory or WriteProcessMemory request was completed. (0x12B)
[1023/092838.377:ERROR:process_memory_win.cc(73)] ReadMemory at 0x70c6dfe000 of 8192 bytes failed: Only part of a ReadProcessMemory or WriteProcessMemory request was completed. (0x12B)
[1023/092838.377:ERROR:process_memory_win.cc(73)] ReadMemory at 0x70c75fe000 of 8192 bytes failed: Only part of a ReadProcessMemory or WriteProcessMemory request was completed. (0x12B)
[1023/092838.377:ERROR:process_memory_win.cc(73)] ReadMemory at 0x70c7dfe000 of 8192 bytes failed: Only part of a ReadProcessMemory or WriteProcessMemory request was completed. (0x12B)
[1023/092838.377:ERROR:process_memory_win.cc(73)] ReadMemory at 0x70c85fe000 of 8192 bytes failed: Only part of a ReadProcessMemory or WriteProcessMemory request was completed. (0x12B)
[1023/092838.377:ERROR:process_memory_win.cc(73)] ReadMemory at 0x70c1551000 of 852 bytes failed: Only part of a ReadProcessMemory or WriteProcessMemory request was completed. (0x12B)
[1023/092838.377:ERROR:process_memory_win.cc(73)] ReadMemory at 0x70c1552000 of 6024 bytes failed: Only part of a ReadProcessMemory or WriteProcessMemory request was completed. (0x12B)
[1023/092838.377:ERROR:process_memory_win.cc(73)] ReadMemory at 0x70c1554000 of 6024 bytes failed: Only part of a ReadProcessMemory or WriteProcessMemory request was completed. (0x12B)
[1023/092838.377:ERROR:process_memory_win.cc(73)] ReadMemory at 0x70c1556000 of 6024 bytes failed: Only part of a ReadProcessMemory or WriteProcessMemory request was completed. (0x12B)
[1023/092838.377:ERROR:process_memory_win.cc(73)] ReadMemory at 0x70c1558000 of 6024 bytes failed: Only part of a ReadProcessMemory or WriteProcessMemory request was completed. (0x12B)
[1023/092838.377:ERROR:process_memory_win.cc(73)] ReadMemory at 0x70c155a000 of 6024 bytes failed: Only part of a ReadProcessMemory or WriteProcessMemory request was completed. (0x12B)
[1023/092838.377:ERROR:process_memory_win.cc(73)] ReadMemory at 0x70c155c000 of 6024 bytes failed: Only part of a ReadProcessMemory or WriteProcessMemory request was completed. (0x12B)
[1023/092838.377:ERROR:process_memory_win.cc(73)] ReadMemory at 0x70c155e000 of 6024 bytes failed: Only part of a ReadProcessMemory or WriteProcessMemory request was completed. (0x12B)
[1023/092838.377:ERROR:process_memory_win.cc(73)] ReadMemory at 0x70c1560000 of 6024 bytes failed: Only part of a ReadProcessMemory or WriteProcessMemory request was completed. (0x12B)
[1023/092838.378:ERROR:process_memory_win.cc(73)] ReadMemory at 0x70c1562000 of 6024 bytes failed: Only part of a ReadProcessMemory or WriteProcessMemory request was completed. (0x12B)
[1023/092838.378:ERROR:process_memory_win.cc(73)] ReadMemory at 0x70c1564000 of 6024 bytes failed: Only part of a ReadProcessMemory or WriteProcessMemory request was completed. (0x12B)
[1023/092838.378:ERROR:process_memory_win.cc(73)] ReadMemory at 0x70c1566000 of 6024 bytes failed: Only part of a ReadProcessMemory or WriteProcessMemory request was completed. (0x12B)
[1023/092838.378:ERROR:process_memory_win.cc(73)] ReadMemory at 0x70c1568000 of 6024 bytes failed: Only part of a ReadProcessMemory or WriteProcessMemory request was completed. (0x12B)
[1023/092838.378:ERROR:process_memory_win.cc(73)] ReadMemory at 0x70c156a000 of 6024 bytes failed: Only part of a ReadProcessMemory or WriteProcessMemory request was completed. (0x12B)
[1023/092838.378:ERROR:process_memory_win.cc(73)] ReadMemory at 0x70c156c000 of 6024 bytes failed: Only part of a ReadProcessMemory or WriteProcessMemory request was completed. (0x12B)
[1023/092838.378:ERROR:process_memory_win.cc(73)] ReadMemory at 0x1e454820fe0 of 8304 bytes failed: Only part of a ReadProcessMemory or WriteProcessMemory request was completed. (0x12B)
[1023/092838.378:ERROR:process_memory_win.cc(73)] ReadMemory at 0x1e454823060 of 1012 bytes failed: Only part of a ReadProcessMemory or WriteProcessMemory request was completed. (0x12B)
[1023/092838.378:ERROR:process_memory_win.cc(73)] ReadMemory at 0x1e4548236a8 of 118 bytes failed: Only part of a ReadProcessMemory or WriteProcessMemory request was completed. (0x12B)
[1023/092838.378:ERROR:process_memory_win.cc(73)] ReadMemory at 0x1e454823720 of 708 bytes failed: Only part of a ReadProcessMemory or WriteProcessMemory request was completed. (0x12B)
[1023/092838.378:ERROR:process_memory_win.cc(73)] ReadMemory at 0x1e4548239e6 of 118 bytes failed: Only part of a ReadProcessMemory or WriteProcessMemory request was completed. (0x12B)
[1023/092838.378:ERROR:process_memory_win.cc(73)] ReadMemory at 0x1e454823a5e of 96 bytes failed: Only part of a ReadProcessMemory or WriteProcessMemory request was completed. (0x12B)
[1023/092838.378:ERROR:process_memory_win.cc(73)] ReadMemory at 0x1e454823ad0 of 58 bytes failed: Only part of a ReadProcessMemory or WriteProcessMemory request was completed. (0x12B)
[1023/092838.378:ERROR:process_memory_win.cc(73)] ReadMemory at 0x1e454823bd0 of 132 bytes failed: Only part of a ReadProcessMemory or WriteProcessMemory request was completed. (0x12B)
[1023/092838.379:ERROR:process_memory_win.cc(73)] ReadMemory at 0x1e454823d60 of 132 bytes failed: Only part of a ReadProcessMemory or WriteProcessMemory request was completed. (0x12B)
[1023/092838.379:ERROR:process_memory_win.cc(73)] ReadMemory at 0x1e454823f20 of 126 bytes failed: Only part of a ReadProcessMemory or WriteProcessMemory request was completed. (0x12B)
[1023/092838.379:ERROR:process_memory_win.cc(73)] ReadMemory at 0x1e454824420 of 132 bytes failed: Only part of a ReadProcessMemory or WriteProcessMemory request was completed. (0x12B)
[1023/092838.379:ERROR:process_memory_win.cc(73)] ReadMemory at 0x1e4548245b0 of 64 bytes failed: Only part of a ReadProcessMemory or WriteProcessMemory request was completed. (0x12B)
[1023/092838.379:ERROR:process_memory_win.cc(73)] ReadMemory at 0x1e454824770 of 132 bytes failed: Only part of a ReadProcessMemory or WriteProcessMemory request was completed. (0x12B)
[1023/092838.379:ERROR:process_memory_win.cc(73)] ReadMemory at 0x1e454824a10 of 132 bytes failed: Only part of a ReadProcessMemory or WriteProcessMemory request was completed. (0x12B)
[1023/092838.379:ERROR:process_memory_win.cc(73)] ReadMemory at 0x1e454824ba0 of 68 bytes failed: Only part of a ReadProcessMemory or WriteProcessMemory request was completed. (0x12B)
[1023/092838.379:ERROR:process_memory_win.cc(73)] ReadMemory at 0x1e454825c50 of 132 bytes failed: Only part of a ReadProcessMemory or WriteProcessMemory request was completed. (0x12B)
[1023/092838.379:ERROR:process_memory_win.cc(73)] ReadMemory at 0x1e454825de0 of 154 bytes failed: Only part of a ReadProcessMemory or WriteProcessMemory request was completed. (0x12B)
[1023/092838.379:ERROR:process_memory_win.cc(73)] ReadMemory at 0x1e454826ac0 of 62 bytes failed: Only part of a ReadProcessMemory or WriteProcessMemory request was completed. (0x12B)
[1023/092838.379:ERROR:process_memory_win.cc(73)] ReadMemory at 0x1e454826cb0 of 132 bytes failed: Only part of a ReadProcessMemory or WriteProcessMemory request was completed. (0x12B)
[1023/092838.379:ERROR:process_memory_win.cc(73)] ReadMemory at 0x1e454826de0 of 60 bytes failed: Only part of a ReadProcessMemory or WriteProcessMemory request was completed. (0x12B)
[1023/092838.379:ERROR:process_memory_win.cc(73)] ReadMemory at 0x1e45482cc70 of 80 bytes failed: Only part of a ReadProcessMemory or WriteProcessMemory request was completed. (0x12B)
[1023/092838.379:ERROR:process_memory_win.cc(73)] ReadMemory at 0x1e45482ceb0 of 80 bytes failed: Only part of a ReadProcessMemory or WriteProcessMemory request was completed. (0x12B)
[1023/092838.379:ERROR:process_memory_win.cc(73)] ReadMemory at 0x1e45482d150 of 76 bytes failed: Only part of a ReadProcessMemory or WriteProcessMemory request was completed. (0x12B)
[1023/092838.379:ERROR:process_memory_win.cc(73)] ReadMemory at 0x1e45482f170 of 62 bytes failed: Only part of a ReadProcessMemory or WriteProcessMemory request was completed. (0x12B)
[1023/092838.380:ERROR:process_memory_win.cc(73)] ReadMemory at 0x1e4548360f0 of 132 bytes failed: Only part of a ReadProcessMemory or WriteProcessMemory request was completed. (0x12B)
[1023/092838.380:ERROR:process_memory_win.cc(73)] ReadMemory at 0x1e454837740 of 132 bytes failed: Only part of a ReadProcessMemory or WriteProcessMemory request was completed. (0x12B)
[1023/092838.380:ERROR:process_memory_win.cc(73)] ReadMemory at 0x1e454837870 of 146 bytes failed: Only part of a ReadProcessMemory or WriteProcessMemory request was completed. (0x12B)
[1023/092838.380:ERROR:process_memory_win.cc(73)] ReadMemory at 0x1e454837b90 of 132 bytes failed: Only part of a ReadProcessMemory or WriteProcessMemory request was completed. (0x12B)
[1023/092838.380:ERROR:process_memory_win.cc(73)] ReadMemory at 0x1e454838fa0 of 132 bytes failed: Only part of a ReadProcessMemory or WriteProcessMemory request was completed. (0x12B)
[1023/092838.380:ERROR:process_memory_win.cc(73)] ReadMemory at 0x1e454839660 of 62 bytes failed: Only part of a ReadProcessMemory or WriteProcessMemory request was completed. (0x12B)
[1023/092838.380:ERROR:process_memory_win.cc(73)] ReadMemory at 0x1e4548396b0 of 64 bytes failed: Only part of a ReadProcessMemory or WriteProcessMemory request was completed. (0x12B)
[1023/092838.380:ERROR:process_memory_win.cc(73)] ReadMemory at 0x1e454839840 of 58 bytes failed: Only part of a ReadProcessMemory or WriteProcessMemory request was completed. (0x12B)
[1023/092838.380:ERROR:process_memory_win.cc(73)] ReadMemory at 0x1e454839890 of 62 bytes failed: Only part of a ReadProcessMemory or WriteProcessMemory request was completed. (0x12B)
[1023/092838.380:ERROR:process_memory_win.cc(73)] ReadMemory at 0x1e4548398e0 of 62 bytes failed: Only part of a ReadProcessMemory or WriteProcessMemory request was completed. (0x12B)
[1023/092838.380:ERROR:process_memory_win.cc(73)] ReadMemory at 0x1e4548399d0 of 60 bytes failed: Only part of a ReadProcessMemory or WriteProcessMemory request was completed. (0x12B)
[1023/092838.380:ERROR:process_memory_win.cc(73)] ReadMemory at 0x1e454839a20 of 60 bytes failed: Only part of a ReadProcessMemory or WriteProcessMemory request was completed. (0x12B)
[1023/092838.380:ERROR:process_memory_win.cc(73)] ReadMemory at 0x1e454839ac0 of 64 bytes failed: Only part of a ReadProcessMemory or WriteProcessMemory request was completed. (0x12B)
[1023/092838.380:ERROR:process_memory_win.cc(73)] ReadMemory at 0x1e454839b60 of 64 bytes failed: Only part of a ReadProcessMemory or WriteProcessMemory request was completed. (0x12B)
[1023/092838.380:ERROR:process_memory_win.cc(73)] ReadMemory at 0x1e454839bb0 of 66 bytes failed: Only part of a ReadProcessMemory or WriteProcessMemory request was completed. (0x12B)
[1023/092838.380:ERROR:process_memory_win.cc(73)] ReadMemory at 0x1e454839c00 of 62 bytes failed: Only part of a ReadProcessMemory or WriteProcessMemory request was completed. (0x12B)
[1023/092838.380:ERROR:process_memory_win.cc(73)] ReadMemory at 0x1e454839c50 of 64 bytes failed: Only part of a ReadProcessMemory or WriteProcessMemory request was completed. (0x12B)
[1023/092838.380:ERROR:process_memory_win.cc(73)] ReadMemory at 0x1e454839de0 of 62 bytes failed: Only part of a ReadProcessMemory or WriteProcessMemory request was completed. (0x12B)
[1023/092838.380:ERROR:process_memory_win.cc(73)] ReadMemory at 0x1e454839e80 of 60 bytes failed: Only part of a ReadProcessMemory or WriteProcessMemory request was completed. (0x12B)
[1023/092838.380:ERROR:process_memory_win.cc(73)] ReadMemory at 0x1e454839f20 of 64 bytes failed: Only part of a ReadProcessMemory or WriteProcessMemory request was completed. (0x12B)
[1023/092838.381:ERROR:process_memory_win.cc(73)] ReadMemory at 0x1e45483a010 of 64 bytes failed: Only part of a ReadProcessMemory or WriteProcessMemory request was completed. (0x12B)
[1023/092838.381:ERROR:process_memory_win.cc(73)] ReadMemory at 0x1e45483a100 of 64 bytes failed: Only part of a ReadProcessMemory or WriteProcessMemory request was completed. (0x12B)
[1023/092838.381:ERROR:process_memory_win.cc(73)] ReadMemory at 0x1e45483a150 of 66 bytes failed: Only part of a ReadProcessMemory or WriteProcessMemory request was completed. (0x12B)
[1023/092838.381:ERROR:process_memory_win.cc(73)] ReadMemory at 0x1e45483a1a0 of 62 bytes failed: Only part of a ReadProcessMemory or WriteProcessMemory request was completed. (0x12B)
[1023/092838.381:ERROR:process_memory_win.cc(73)] ReadMemory at 0x1e45483a1f0 of 62 bytes failed: Only part of a ReadProcessMemory or WriteProcessMemory request was completed. (0x12B)
[1023/092838.381:ERROR:process_memory_win.cc(73)] ReadMemory at 0x1e45483a240 of 62 bytes failed: Only part of a ReadProcessMemory or WriteProcessMemory request was completed. (0x12B)
[1023/092838.381:ERROR:process_memory_win.cc(73)] ReadMemory at 0x1e45483a290 of 64 bytes failed: Only part of a ReadProcessMemory or WriteProcessMemory request was completed. (0x12B)
[1023/092838.381:ERROR:process_memory_win.cc(73)] ReadMemory at 0x1e45483a2e0 of 60 bytes failed: Only part of a ReadProcessMemory or WriteProcessMemory request was completed. (0x12B)
[1023/092838.381:ERROR:process_memory_win.cc(73)] ReadMemory at 0x1e45483a330 of 62 bytes failed: Only part of a ReadProcessMemory or WriteProcessMemory request was completed. (0x12B)
[1023/092838.381:ERROR:process_memory_win.cc(73)] ReadMemory at 0x1e45483a380 of 60 bytes failed: Only part of a ReadProcessMemory or WriteProcessMemory request was completed. (0x12B)
[1023/092838.381:ERROR:process_memory_win.cc(73)] ReadMemory at 0x1e45483a5b0 of 60 bytes failed: Only part of a ReadProcessMemory or WriteProcessMemory request was completed. (0x12B)
[1023/092838.381:ERROR:process_memory_win.cc(73)] ReadMemory at 0x1e45483b140 of 54 bytes failed: Only part of a ReadProcessMemory or WriteProcessMemory request was completed. (0x12B)
[1023/092838.381:ERROR:process_memory_win.cc(73)] ReadMemory at 0x1e45483c0a0 of 132 bytes failed: Only part of a ReadProcessMemory or WriteProcessMemory request was completed. (0x12B)
[1023/092838.381:ERROR:process_memory_win.cc(73)] ReadMemory at 0x1e45483d1e0 of 132 bytes failed: Only part of a ReadProcessMemory or WriteProcessMemory request was completed. (0x12B)
[1023/092838.381:ERROR:process_memory_win.cc(73)] ReadMemory at 0x1e45483eb20 of 132 bytes failed: Only part of a ReadProcessMemory or WriteProcessMemory request was completed. (0x12B)
[1023/092838.381:ERROR:process_memory_win.cc(73)] ReadMemory at 0x1e4548418f0 of 132 bytes failed: Only part of a ReadProcessMemory or WriteProcessMemory request was completed. (0x12B)
[1023/092838.381:ERROR:process_memory_win.cc(73)] ReadMemory at 0x1e454841b20 of 132 bytes failed: Only part of a ReadProcessMemory or WriteProcessMemory request was completed. (0x12B)
[1023/092838.382:ERROR:process_memory_win.cc(73)] ReadMemory at 0x1e454841d40 of 132 bytes failed: Only part of a ReadProcessMemory or WriteProcessMemory request was completed. (0x12B)
[1023/092838.382:ERROR:process_memory_win.cc(73)] ReadMemory at 0x1e454842000 of 132 bytes failed: Only part of a ReadProcessMemory or WriteProcessMemory request was completed. (0x12B)
[1023/092838.382:ERROR:process_memory_win.cc(73)] ReadMemory at 0x1e454842130 of 132 bytes failed: Only part of a ReadProcessMemory or WriteProcessMemory request was completed. (0x12B)
[1023/092838.382:ERROR:process_memory_win.cc(73)] ReadMemory at 0x1e454842260 of 132 bytes failed: Only part of a ReadProcessMemory or WriteProcessMemory request was completed. (0x12B)
[1023/092838.382:ERROR:process_memory_win.cc(73)] ReadMemory at 0x1e454842390 of 132 bytes failed: Only part of a ReadProcessMemory or WriteProcessMemory request was completed. (0x12B)
[1023/092838.382:ERROR:process_memory_win.cc(73)] ReadMemory at 0x1e4548424c0 of 132 bytes failed: Only part of a ReadProcessMemory or WriteProcessMemory request was completed. (0x12B)
[1023/092838.382:ERROR:process_memory_win.cc(73)] ReadMemory at 0x1e4548425f0 of 132 bytes failed: Only part of a ReadProcessMemory or WriteProcessMemory request was completed. (0x12B)
[1023/092838.382:ERROR:process_memory_win.cc(73)] ReadMemory at 0x1e454842720 of 132 bytes failed: Only part of a ReadProcessMemory or WriteProcessMemory request was completed. (0x12B)
[1023/092838.382:ERROR:process_memory_win.cc(73)] ReadMemory at 0x1e454842850 of 132 bytes failed: Only part of a ReadProcessMemory or WriteProcessMemory request was completed. (0x12B)
[1023/092838.382:ERROR:process_memory_win.cc(73)] ReadMemory at 0x1e454842980 of 132 bytes failed: Only part of a ReadProcessMemory or WriteProcessMemory request was completed. (0x12B)
[1023/092838.382:ERROR:process_memory_win.cc(73)] ReadMemory at 0x1e454842be0 of 132 bytes failed: Only part of a ReadProcessMemory or WriteProcessMemory request was completed. (0x12B)
[1023/092838.382:ERROR:process_memory_win.cc(73)] ReadMemory at 0x1e454842d10 of 132 bytes failed: Only part of a ReadProcessMemory or WriteProcessMemory request was completed. (0x12B)
[1023/092838.382:ERROR:process_memory_win.cc(73)] ReadMemory at 0x1e454842e40 of 132 bytes failed: Only part of a ReadProcessMemory or WriteProcessMemory request was completed. (0x12B)
[1023/092838.382:ERROR:process_memory_win.cc(73)] ReadMemory at 0x1e454843910 of 132 bytes failed: Only part of a ReadProcessMemory or WriteProcessMemory request was completed. (0x12B)
[1023/092838.382:ERROR:process_memory_win.cc(73)] ReadMemory at 0x1e454843b70 of 132 bytes failed: Only part of a ReadProcessMemory or WriteProcessMemory request was completed. (0x12B)
[1023/092838.382:ERROR:process_memory_win.cc(73)] ReadMemory at 0x1e454843dd0 of 132 bytes failed: Only part of a ReadProcessMemory or WriteProcessMemory request was completed. (0x12B)
[1023/092838.382:ERROR:process_memory_win.cc(73)] ReadMemory at 0x1e454844160 of 132 bytes failed: Only part of a ReadProcessMemory or WriteProcessMemory request was completed. (0x12B)
[1023/092838.382:ERROR:process_memory_win.cc(73)] ReadMemory at 0x1e454844880 of 132 bytes failed: Only part of a ReadProcessMemory or WriteProcessMemory request was completed. (0x12B)
[1023/092838.383:ERROR:process_memory_win.cc(73)] ReadMemory at 0x1e4548449b0 of 132 bytes failed: Only part of a ReadProcessMemory or WriteProcessMemory request was completed. (0x12B)
[1023/092838.383:ERROR:process_memory_win.cc(73)] ReadMemory at 0x1e454844ae0 of 132 bytes failed: Only part of a ReadProcessMemory or WriteProcessMemory request was completed. (0x12B)
[1023/092838.383:ERROR:process_memory_win.cc(73)] ReadMemory at 0x1e454844c10 of 132 bytes failed: Only part of a ReadProcessMemory or WriteProcessMemory request was completed. (0x12B)
[1023/092838.383:ERROR:process_memory_win.cc(73)] ReadMemory at 0x1e454844d40 of 132 bytes failed: Only part of a ReadProcessMemory or WriteProcessMemory request was completed. (0x12B)
[1023/092838.383:ERROR:process_memory_win.cc(73)] ReadMemory at 0x1e4548456c0 of 132 bytes failed: Only part of a ReadProcessMemory or WriteProcessMemory request was completed. (0x12B)
[1023/092838.383:ERROR:process_memory_win.cc(73)] ReadMemory at 0x1e45488f280 of 592 bytes failed: Only part of a ReadProcessMemory or WriteProcessMemory request was completed. (0x12B)
[1023/092838.383:ERROR:process_memory_win.cc(73)] ReadMemory at 0x1e45488fc00 of 768 bytes failed: Only part of a ReadProcessMemory or WriteProcessMemory request was completed. (0x12B)
[1023/092838.383:ERROR:process_memory_win.cc(73)] ReadMemory at 0x1e4548a14a0 of 512 bytes failed: Only part of a ReadProcessMemory or WriteProcessMemory request was completed. (0x12B)
[1023/092838.383:ERROR:process_memory_win.cc(73)] ReadMemory at 0x1e4548a5360 of 512 bytes failed: Only part of a ReadProcessMemory or WriteProcessMemory request was completed. (0x12B)
[1023/092838.383:ERROR:process_memory_win.cc(73)] ReadMemory at 0x1e4548a8270 of 512 bytes failed: Only part of a ReadProcessMemory or WriteProcessMemory request was completed. (0x12B)
[1023/092838.383:ERROR:process_memory_win.cc(73)] ReadMemory at 0x1e4548b2d40 of 688 bytes failed: Only part of a ReadProcessMemory or WriteProcessMemory request was completed. (0x12B)
[1023/092838.383:ERROR:process_memory_win.cc(73)] ReadMemory at 0x1e4548b3db0 of 512 bytes failed: Only part of a ReadProcessMemory or WriteProcessMemory request was completed. (0x12B)
[1023/092838.383:ERROR:process_memory_win.cc(73)] ReadMemory at 0x1e4548d3eb0 of 512 bytes failed: Only part of a ReadProcessMemory or WriteProcessMemory request was completed. (0x12B)
[1023/092838.383:ERROR:process_memory_win.cc(73)] ReadMemory at 0x1e4548d4a30 of 512 bytes failed: Only part of a ReadProcessMemory or WriteProcessMemory request was completed. (0x12B)
[1023/092838.383:ERROR:process_memory_win.cc(73)] ReadMemory at 0x1e4548daa00 of 768 bytes failed: Only part of a ReadProcessMemory or WriteProcessMemory request was completed. (0x12B)
[1023/092838.384:ERROR:process_memory_win.cc(73)] ReadMemory at 0x1e454960c40 of 512 bytes failed: Only part of a ReadProcessMemory or WriteProcessMemory request was completed. (0x12B)
[1023/092838.384:ERROR:process_memory_win.cc(73)] ReadMemory at 0x1e4562d0000 of 384 bytes failed: Only part of a ReadProcessMemory or WriteProcessMemory request was completed. (0x12B)
[1023/092838.384:ERROR:process_memory_win.cc(73)] ReadMemory at 0x1e4562fdb26 of 512 bytes failed: Only part of a ReadProcessMemory or WriteProcessMemory request was completed. (0x12B)
[1023/092838.384:ERROR:process_memory_win.cc(73)] ReadMemory at 0x1e456300216 of 752 bytes failed: Only part of a ReadProcessMemory or WriteProcessMemory request was completed. (0x12B)
[1023/092838.384:ERROR:process_memory_win.cc(73)] ReadMemory at 0x1e4563048f8 of 656 bytes failed: Only part of a ReadProcessMemory or WriteProcessMemory request was completed. (0x12B)
[1023/092838.384:ERROR:process_memory_win.cc(73)] ReadMemory at 0x1e456306368 of 512 bytes failed: Only part of a ReadProcessMemory or WriteProcessMemory request was completed. (0x12B)
[1023/092838.384:ERROR:process_memory_win.cc(73)] ReadMemory at 0x1e4563b1e20 of 512 bytes failed: Only part of a ReadProcessMemory or WriteProcessMemory request was completed. (0x12B)
[1023/092838.384:ERROR:process_memory_win.cc(73)] ReadMemory at 0x1e45654d3f0 of 512 bytes failed: Only part of a ReadProcessMemory or WriteProcessMemory request was completed. (0x12B)
[1023/092838.384:ERROR:process_memory_win.cc(73)] ReadMemory at 0x1e4565728d0 of 512 bytes failed: Only part of a ReadProcessMemory or WriteProcessMemory request was completed. (0x12B)
[1023/092838.384:ERROR:process_memory_win.cc(73)] ReadMemory at 0x6eed0ecb16c8 of 512 bytes failed: Only part of a ReadProcessMemory or WriteProcessMemory request was completed. (0x12B)
[1023/092838.384:ERROR:process_memory_win.cc(73)] ReadMemory at 0x7ffb3b2ac370 of 512 bytes failed: Only part of a ReadProcessMemory or WriteProcessMemory request was completed. (0x12B)
[1023/092838.384:ERROR:process_memory_win.cc(73)] ReadMemory at 0x7ffb3b67019c of 512 bytes failed: Only part of a ReadProcessMemory or WriteProcessMemory request was completed. (0x12B)
[1023/092838.384:ERROR:process_memory_win.cc(73)] ReadMemory at 0x7ffb3cf85323 of 512 bytes failed: Only part of a ReadProcessMemory or WriteProcessMemory request was completed. (0x12B)
[1023/092838.384:ERROR:process_memory_win.cc(73)] ReadMemory at 0x7ffb41abc558 of 512 bytes failed: Only part of a ReadProcessMemory or WriteProcessMemory request was completed. (0x12B)
[1023/092838.384:ERROR:process_memory_win.cc(73)] ReadMemory at 0x7ffb41da677c of 512 bytes failed: Only part of a ReadProcessMemory or WriteProcessMemory request was completed. (0x12B)
[1023/092838.384:ERROR:process_memory_win.cc(73)] ReadMemory at 0x7ffb8c361fd0 of 512 bytes failed: Only part of a ReadProcessMemory or WriteProcessMemory request was completed. (0x12B)
[1023/092838.384:ERROR:process_memory_win.cc(73)] ReadMemory at 0x7ffb8c4dc0c4 of 672 bytes failed: Only part of a ReadProcessMemory or WriteProcessMemory request was completed. (0x12B)
[1023/092838.384:ERROR:process_memory_win.cc(73)] ReadMemory at 0x7ffb8c4dc6c4 of 512 bytes failed: Only part of a ReadProcessMemory or WriteProcessMemory request was completed. (0x12B)
[1023/092838.385:ERROR:process_memory_win.cc(73)] ReadMemory at 0x7ffb8c4df974 of 608 bytes failed: Only part of a ReadProcessMemory or WriteProcessMemory request was completed. (0x12B)
[1023/092838.385:ERROR:process_memory_win.cc(73)] ReadMemory at 0x7ffb8c56c428 of 18 bytes failed: Only part of a ReadProcessMemory or WriteProcessMemory request was completed. (0x12B)
[1023/092838.385:ERROR:process_memory_win.cc(73)] ReadMemory at 0x7ffb8c59f4f8 of 40 bytes failed: Only part of a ReadProcessMemory or WriteProcessMemory request was completed. (0x12B)
[1023/092838.385:ERROR:process_memory_win.cc(73)] ReadMemory at 0x7ffb8c59f978 of 48 bytes failed: Only part of a ReadProcessMemory or WriteProcessMemory request was completed. (0x12B)
[1023/092838.385:ERROR:process_memory_win.cc(73)] ReadMemory at 0x7ffb8c5a53c0 of 64 bytes failed: Only part of a ReadProcessMemory or WriteProcessMemory request was completed. (0x12B)
[1023/092838.387:ERROR:scoped_process_suspend.cc(40)] NtResumeProcess: An attempt was made to access an exiting process. (0xc000010a)
